<?xml version="1.0" encoding="UTF-8"?>
<testng-results skipped="0" failed="0" total="4" passed="4">
  <reporter-output>
  </reporter-output>
  <suite name="Default suite" duration-ms="48" started-at="2017-11-29T10:54:45Z" finished-at="2017-11-29T10:54:45Z">
    <groups>
    </groups>
    <test name="Default test" duration-ms="48" started-at="2017-11-29T10:54:45Z" finished-at="2017-11-29T10:54:45Z">
      <class name="keywordtest.Prioritytest">
        <test-method status="PASS" signature="registrationtest()[pri:0, instance:keywordtest.Prioritytest@e74663]" name="registrationtest" duration-ms="18" started-at="2017-11-29T16:24:45Z" finished-at="2017-11-29T16:24:45Z">
          <reporter-output>
          </reporter-output>
        </test-method> <!-- registrationtest -->
        <test-method status="PASS" signature="logintest()[pri:0, instance:keywordtest.Prioritytest@e74663]" name="logintest" duration-ms="1" started-at="2017-11-29T16:24:45Z" finished-at="2017-11-29T16:24:45Z">
          <reporter-output>
          </reporter-output>
        </test-method> <!-- logintest -->
        <test-method status="PASS" signature="bookingtest()[pri:0, instance:keywordtest.Prioritytest@e74663]" name="bookingtest" duration-ms="1" started-at="2017-11-29T16:24:45Z" finished-at="2017-11-29T16:24:45Z">
          <reporter-output>
          </reporter-output>
        </test-method> <!-- bookingtest -->
        <test-method status="PASS" signature="logouttest()[pri:0, instance:keywordtest.Prioritytest@e74663]" name="logouttest" duration-ms="0" started-at="2017-11-29T16:24:45Z" finished-at="2017-11-29T16:24:45Z">
          <reporter-output>
          </reporter-output>
        </test-method> <!-- logouttest -->
      </class> <!-- keywordtest.Prioritytest -->
    </test> <!-- Default test -->
  </suite> <!-- Default suite -->
</testng-results>
