<?xml version="1.0" encoding="UTF-8"?>
<!-- Generated by org.testng.reporters.JUnitXMLReporter -->
<testsuite hostname="Lenovo-PC" name="Default test" tests="4" failures="0" timestamp="29 Nov 2017 10:54:45 GMT" time="0.048" errors="0">
  <testcase name="registrationtest" time="0.018" classname="keywordtest.Prioritytest"/>
  <testcase name="logintest" time="0.001" classname="keywordtest.Prioritytest"/>
  <testcase name="bookingtest" time="0.001" classname="keywordtest.Prioritytest"/>
  <testcase name="logouttest" time="0.0" classname="keywordtest.Prioritytest"/>
</testsuite> <!-- Default test -->
