<?xml version="1.0" encoding="UTF-8"?>
<testng-results skipped="0" failed="0" total="3" passed="3">
  <reporter-output>
  </reporter-output>
  <suite name="Default suite" duration-ms="66557" started-at="2017-11-08T06:11:31Z" finished-at="2017-11-08T06:12:38Z">
    <groups>
    </groups>
    <test name="Default test" duration-ms="66557" started-at="2017-11-08T06:11:31Z" finished-at="2017-11-08T06:12:38Z">
      <class name="testcases.HomePageTest">
        <test-method status="PASS" signature="setup()[pri:0, instance:testcases.HomePageTest@f889c8]" name="setup" is-config="true" duration-ms="17792" started-at="2017-11-08T11:41:31Z" finished-at="2017-11-08T11:41:49Z">
          <reporter-output>
          </reporter-output>
        </test-method> <!-- setup -->
        <test-method status="PASS" signature="regtest(java.lang.String, java.lang.String, java.lang.String, java.lang.String, java.lang.String)[pri:0, instance:testcases.HomePageTest@f889c8]" name="regtest" duration-ms="21296" started-at="2017-11-08T11:41:49Z" data-provider="datatest" finished-at="2017-11-08T11:42:11Z">
          <params>
            <param index="0">
              <value>
                <![CDATA[vmetrya]]>
              </value>
            </param>
            <param index="1">
              <value>
                <![CDATA[12345678]]>
              </value>
            </param>
            <param index="2">
              <value>
                <![CDATA[ADYAR]]>
              </value>
            </param>
            <param index="3">
              <value>
                <![CDATA[ADYAR]]>
              </value>
            </param>
            <param index="4">
              <value>
                <![CDATA[Sedan]]>
              </value>
            </param>
          </params>
          <reporter-output>
          </reporter-output>
        </test-method> <!-- regtest -->
        <test-method status="PASS" signature="regtest(java.lang.String, java.lang.String, java.lang.String, java.lang.String, java.lang.String)[pri:0, instance:testcases.HomePageTest@f889c8]" name="regtest" duration-ms="12787" started-at="2017-11-08T11:42:11Z" data-provider="datatest" finished-at="2017-11-08T11:42:23Z">
          <params>
            <param index="0">
              <value>
                <![CDATA[vmetryb]]>
              </value>
            </param>
            <param index="1">
              <value>
                <![CDATA[12345678]]>
              </value>
            </param>
            <param index="2">
              <value>
                <![CDATA[ADYAR]]>
              </value>
            </param>
            <param index="3">
              <value>
                <![CDATA[ADYAR]]>
              </value>
            </param>
            <param index="4">
              <value>
                <![CDATA[Sedan]]>
              </value>
            </param>
          </params>
          <reporter-output>
          </reporter-output>
        </test-method> <!-- regtest -->
        <test-method status="PASS" signature="regtest(java.lang.String, java.lang.String, java.lang.String, java.lang.String, java.lang.String)[pri:0, instance:testcases.HomePageTest@f889c8]" name="regtest" duration-ms="14655" started-at="2017-11-08T11:42:23Z" data-provider="datatest" finished-at="2017-11-08T11:42:38Z">
          <params>
            <param index="0">
              <value>
                <![CDATA[vmetryc]]>
              </value>
            </param>
            <param index="1">
              <value>
                <![CDATA[12345678]]>
              </value>
            </param>
            <param index="2">
              <value>
                <![CDATA[ADYAR]]>
              </value>
            </param>
            <param index="3">
              <value>
                <![CDATA[ADYAR]]>
              </value>
            </param>
            <param index="4">
              <value>
                <![CDATA[Sedan]]>
              </value>
            </param>
          </params>
          <reporter-output>
          </reporter-output>
        </test-method> <!-- regtest -->
      </class> <!-- testcases.HomePageTest -->
    </test> <!-- Default test -->
  </suite> <!-- Default suite -->
</testng-results>
