<?xml version="1.0" encoding="UTF-8"?>
<!-- Generated by org.testng.reporters.JUnitXMLReporter -->
<testsuite hostname="Lenovo-PC" name="othercoommon" tests="18" failures="0" timestamp="22 Oct 2017 05:21:13 GMT" time="0.125" errors="0">
  <testcase name="logintest" time="0.0" classname="parametrisationtest.Multitestsingledataprovidertest"/>
  <testcase name="logintest" time="0.0" classname="parametrisationtest.Multitestsingledataprovidertest"/>
  <testcase name="logintest" time="0.0" classname="parametrisationtest.Multitestsingledataprovidertest"/>
  <testcase name="logintest" time="0.0" classname="parametrisationtest.Multidataproviderresolvedtest"/>
  <testcase name="logintest" time="0.0" classname="parametrisationtest.Multidataproviderresolvedtest"/>
  <testcase name="logintest" time="0.0" classname="parametrisationtest.Multidataproviderresolvedtest"/>
  <testcase name="logintest" time="0.016" classname="parametrisationtest.Multidataprovidertest"/>
  <testcase name="logintest" time="0.016" classname="parametrisationtest.Multidataprovidertest"/>
  <testcase name="logintest" time="0.0" classname="parametrisationtest.Multidataprovidertest"/>
  <testcase name="Bookingtest" time="0.0" classname="parametrisationtest.Multitestsingledataprovidertest"/>
  <testcase name="Bookingtest" time="0.0" classname="parametrisationtest.Multitestsingledataprovidertest"/>
  <testcase name="Bookingtest" time="0.0" classname="parametrisationtest.Multitestsingledataprovidertest"/>
  <testcase name="Bookingtest" time="0.0" classname="parametrisationtest.Multidataproviderresolvedtest"/>
  <testcase name="Bookingtest" time="0.016" classname="parametrisationtest.Multidataproviderresolvedtest"/>
  <testcase name="Bookingtest" time="0.0" classname="parametrisationtest.Multidataproviderresolvedtest"/>
  <testcase name="Bookingtest" time="0.0" classname="parametrisationtest.Multidataprovidertest"/>
  <testcase name="Bookingtest" time="0.015" classname="parametrisationtest.Multidataprovidertest"/>
  <testcase name="Bookingtest" time="0.0" classname="parametrisationtest.Multidataprovidertest"/>
</testsuite> <!-- othercoommon -->
