<?xml version="1.0" encoding="UTF-8"?>
<!-- Generated by org.testng.reporters.JUnitXMLReporter -->
<testsuite hostname="Lenovo-PC" name="Singledataprovidertest" tests="3" failures="0" timestamp="22 Oct 2017 05:21:13 GMT" time="0.032" errors="0">
  <testcase name="logintest" time="0.017" classname="parametrisationtest.Singledataprovidertest"/>
  <testcase name="logintest" time="0.0" classname="parametrisationtest.Singledataprovidertest"/>
  <testcase name="logintest" time="0.0" classname="parametrisationtest.Singledataprovidertest"/>
</testsuite> <!-- Singledataprovidertest -->
