<?xml version="1.0" encoding="UTF-8"?>
<!-- Generated by org.testng.reporters.JUnitXMLReporter -->
<testsuite hostname="Lenovo-PC" name="Test" tests="21" failures="0" timestamp="21 Oct 2017 06:54:37 GMT" time="0.078" errors="0">
  <testcase name="logintest" time="0.0" classname="parametrisationtest.Singledataprovidertest"/>
  <testcase name="logintest" time="0.016" classname="parametrisationtest.Singledataprovidertest"/>
  <testcase name="logintest" time="0.0" classname="parametrisationtest.Singledataprovidertest"/>
  <testcase name="logintest" time="0.0" classname="parametrisationtest.Multitestsingledataprovidertest"/>
  <testcase name="logintest" time="0.0" classname="parametrisationtest.Multitestsingledataprovidertest"/>
  <testcase name="logintest" time="0.0" classname="parametrisationtest.Multitestsingledataprovidertest"/>
  <testcase name="logintest" time="0.0" classname="parametrisationtest.Multidataproviderresolvedtest"/>
  <testcase name="logintest" time="0.0" classname="parametrisationtest.Multidataproviderresolvedtest"/>
  <testcase name="logintest" time="0.0" classname="parametrisationtest.Multidataproviderresolvedtest"/>
  <testcase name="logintest" time="0.0" classname="parametrisationtest.Multidataprovidertest"/>
  <testcase name="logintest" time="0.0" classname="parametrisationtest.Multidataprovidertest"/>
  <testcase name="logintest" time="0.0" classname="parametrisationtest.Multidataprovidertest"/>
  <testcase name="Bookingtest" time="0.0" classname="parametrisationtest.Multitestsingledataprovidertest"/>
  <testcase name="Bookingtest" time="0.0" classname="parametrisationtest.Multitestsingledataprovidertest"/>
  <testcase name="Bookingtest" time="0.0" classname="parametrisationtest.Multitestsingledataprovidertest"/>
  <testcase name="Bookingtest" time="0.0" classname="parametrisationtest.Multidataproviderresolvedtest"/>
  <testcase name="Bookingtest" time="0.0" classname="parametrisationtest.Multidataproviderresolvedtest"/>
  <testcase name="Bookingtest" time="0.0" classname="parametrisationtest.Multidataproviderresolvedtest"/>
  <testcase name="Bookingtest" time="0.0" classname="parametrisationtest.Multidataprovidertest"/>
  <testcase name="Bookingtest" time="0.0" classname="parametrisationtest.Multidataprovidertest"/>
  <testcase name="Bookingtest" time="0.0" classname="parametrisationtest.Multidataprovidertest"/>
</testsuite> <!-- Test -->
