<?xml version="1.0" encoding="UTF-8"?>
<testng-results skipped="0" failed="0" total="1" passed="1">
  <reporter-output>
  </reporter-output>
  <suite name="Default suite" duration-ms="11110" started-at="2017-11-19T09:10:32Z" finished-at="2017-11-19T09:10:44Z">
    <groups>
    </groups>
    <test name="Default test" duration-ms="11110" started-at="2017-11-19T09:10:32Z" finished-at="2017-11-19T09:10:44Z">
      <class name="com.vmetry.ntl.testcases.HomePageTest">
        <test-method status="PASS" signature="testHomePage()[pri:0, instance:com.vmetry.ntl.testcases.HomePageTest@1cc3436]" name="testHomePage" duration-ms="11083" started-at="2017-11-19T14:40:32Z" finished-at="2017-11-19T14:40:44Z">
          <reporter-output>
          </reporter-output>
        </test-method> <!-- testHomePage -->
      </class> <!-- com.vmetry.ntl.testcases.HomePageTest -->
    </test> <!-- Default test -->
  </suite> <!-- Default suite -->
</testng-results>
